<?xml version="1.0" encoding="UTF-8"?>
<!-- Generated by org.testng.reporters.JUnitReportReporter -->
<testsuite hostname="LAPTOP-9SPL7H0E" failures="0" tests="15" name="testNGConcept.Annotations" time="0.074" errors="0" timestamp="2023-11-13T20:46:57 EST" skipped="2">
  <testcase classname="testNGConcept.Annotations" name="testCase3" time="0.020"/>
  <testcase classname="testNGConcept.Annotations" name="testCase4" time="0.004"/>
  <testcase classname="testNGConcept.Annotations" name="testCase2" time="0.004"/>
  <testcase classname="testNGConcept.Annotations" name="testCase1" time="0.005"/>
  <testcase classname="testNGConcept.Annotations" name="testCase1" time="0.004"/>
  <testcase classname="testNGConcept.Annotations" name="testCase1" time="0.004"/>
  <testcase classname="testNGConcept.Annotations" name="testCase1" time="0.004"/>
  <testcase classname="testNGConcept.Annotations" name="testCase1" time="0.003"/>
  <testcase classname="testNGConcept.Annotations" name="testCase1" time="0.011"/>
  <testcase classname="testNGConcept.Annotations" name="testCase1" time="0.003"/>
  <testcase classname="testNGConcept.Annotations" name="testCase1" time="0.004"/>
  <testcase classname="testNGConcept.Annotations" name="testCase1" time="0.007"/>
  <testcase classname="testNGConcept.Annotations" name="testCase1" time="0.001"/>
  <testcase classname="testNGConcept.Annotations" name="testCase5">
    <skipped/>
  </testcase> <!-- testCase5 -->
  <testcase classname="testNGConcept.Annotations" name="testCase6">
    <skipped/>
  </testcase> <!-- testCase6 -->
</testsuite> <!-- testNGConcept.Annotations -->
